#
# There is insufficient memory for the Java Runtime Environment to continue.
# Native memory allocation (mmap) failed to map 134217728 bytes for G1 virtual space
# Possible reasons:
#   The system is out of physical RAM or swap space
#   The process is running with CompressedOops enabled, and the Java Heap may be blocking the growth of the native heap
# Possible solutions:
#   Reduce memory load on the system
#   Increase physical memory or swap space
#   Check if swap backing store is full
#   Decrease Java heap size (-Xmx/-Xms)
#   Decrease number of Java threads
#   Decrease Java thread stack sizes (-Xss)
#   Set larger code cache with -XX:ReservedCodeCacheSize=
#   JVM is running with Unscaled Compressed Oops mode in which the Java heap is
#     placed in the first 4GB address space. The Java Heap base address is the
#     maximum limit for the native heap growth. Please use -XX:HeapBaseMinAddress
#     to set the Java Heap base and to place the Java Heap above 4GB virtual address.
# This output file may be truncated or incomplete.
#
#  Out of Memory Error (os_windows.cpp:3548), pid=9236, tid=12268
#
# JRE version:  (17.0.10+11) (build )
# Java VM: Java HotSpot(TM) 64-Bit Server VM (17.0.10+11-LTS-240, mixed mode, emulated-client, sharing, tiered, compressed oops, compressed class ptrs, g1 gc, windows-amd64)
# No core dump will be written. Minidumps are not enabled by default on client versions of Windows
#

---------------  S U M M A R Y ------------

Command Line: -XX:TieredStopAtLevel=1 com.valdir.helpdesk.HelpdeskApplication

Host: Intel(R) Core(TM) i3-9100F CPU @ 3.60GHz, 4 cores, 7G,  Windows 10 , 64 bit Build 19041 (10.0.19041.4597)
Time: Thu Jul 18 09:34:41 2024 Hora oficial do Brasil elapsed time: 0.018303 seconds (0d 0h 0m 0s)

---------------  T H R E A D  ---------------

Current thread (0x000001f07a267740):  JavaThread "Unknown thread" [_thread_in_vm, id=12268, stack(0x000000d633300000,0x000000d633400000)]

Stack: [0x000000d633300000,0x000000d633400000]
Native frames: (J=compiled Java code, j=interpreted, Vv=VM code, C=native code)
V  [jvm.dll+0x677a5a]
V  [jvm.dll+0x7d8b2d]
V  [jvm.dll+0x7da48e]
V  [jvm.dll+0x7daaf3]
V  [jvm.dll+0x2455ff]
V  [jvm.dll+0x6749b9]
V  [jvm.dll+0x669382]
V  [jvm.dll+0x302e96]
V  [jvm.dll+0x30a416]
V  [jvm.dll+0x359cbe]
V  [jvm.dll+0x359eef]
V  [jvm.dll+0x2d9e88]
V  [jvm.dll+0x2dadf4]
V  [jvm.dll+0x7aa551]
V  [jvm.dll+0x367911]
V  [jvm.dll+0x789639]
V  [jvm.dll+0x3eb30f]
V  [jvm.dll+0x3ecd91]
C  [jli.dll+0x5297]
C  [ucrtbase.dll+0x21bb2]
C  [KERNEL32.DLL+0x17374]
C  [ntdll.dll+0x4cc91]


---------------  P R O C E S S  ---------------

Threads class SMR info:
_java_thread_list=0x00007ffc0cc46a18, length=0, elements={
}

Java Threads: ( => current thread )

Other Threads:
  0x000001f07a2cbb70 GCTaskThread "GC Thread#0" [stack: 0x000000d633400000,0x000000d633500000] [id=8664]
  0x000001f07a2dc8c0 ConcurrentGCThread "G1 Main Marker" [stack: 0x000000d633500000,0x000000d633600000] [id=10412]
  0x000001f07a2dda70 ConcurrentGCThread "G1 Conc#0" [stack: 0x000000d633600000,0x000000d633700000] [id=11100]

[error occurred during error reporting (printing all threads), id 0xc0000005, EXCEPTION_ACCESS_VIOLATION (0xc0000005) at pc=0x00007ffc0c47aae7]

VM state: not at safepoint (not fully initialized)

VM Mutex/Monitor currently owned by a thread:  ([mutex/lock_event])
[0x000001f07a2629c0] Heap_lock - owner thread: 0x000001f07a267740

Heap address: 0x0000000081000000, size: 2032 MB, Compressed Oops mode: 32-bit

CDS archive(s) mapped at: [0x0000000000000000-0x0000000000000000-0x0000000000000000), size 0, SharedBaseAddress: 0x0000000800000000, ArchiveRelocationMode: 1.
Narrow klass base: 0x0000000000000000, Narrow klass shift: 0, Narrow klass range: 0x0

GC Precious Log:
<Empty>

Heap:
 garbage-first heap   total 0K, used 0K [0x0000000081000000, 0x0000000100000000)
  region size 1024K, 0 young (0K), 0 survivors (0K)

[error occurred during error reporting (printing heap information), id 0xc0000005, EXCEPTION_ACCESS_VIOLATION (0xc0000005) at pc=0x00007ffc0c861249]

GC Heap History (0 events):
No events

Deoptimization events (0 events):
No events

Classes unloaded (0 events):
No events

Classes redefined (0 events):
No events

Internal exceptions (0 events):
No events

VM Operations (0 events):
No events

Events (1 events):
Event: 0.008 Loaded shared library C:\Program Files\Java\jdk-17\bin\java.dll


Dynamic libraries:
0x00007ff7bd870000 - 0x00007ff7bd880000 	C:\Program Files\Java\jdk-17\bin\java.exe
0x00007ffc61b70000 - 0x00007ffc61d68000 	C:\Windows\SYSTEM32\ntdll.dll
0x00007ffc610c0000 - 0x00007ffc61181000 	C:\Windows\System32\KERNEL32.DLL
0x00007ffc5f810000 - 0x00007ffc5fb06000 	C:\Windows\System32\KERNELBASE.dll
0x00007ffc5f490000 - 0x00007ffc5f590000 	C:\Windows\System32\ucrtbase.dll
0x00007ffc3f1a0000 - 0x00007ffc3f1bb000 	C:\Program Files\Java\jdk-17\bin\VCRUNTIME140.dll
0x00007ffc52f90000 - 0x00007ffc52fa9000 	C:\Program Files\Java\jdk-17\bin\jli.dll
0x00007ffc615b0000 - 0x00007ffc61660000 	C:\Windows\System32\ADVAPI32.dll
0x00007ffc61190000 - 0x00007ffc6122e000 	C:\Windows\System32\msvcrt.dll
0x00007ffc5fba0000 - 0x00007ffc5fc40000 	C:\Windows\System32\sechost.dll
0x00007ffc60d70000 - 0x00007ffc60e93000 	C:\Windows\System32\RPCRT4.dll
0x00007ffc5f220000 - 0x00007ffc5f247000 	C:\Windows\System32\bcrypt.dll
0x00007ffc61990000 - 0x00007ffc61b2f000 	C:\Windows\System32\USER32.dll
0x00007ffc5f590000 - 0x00007ffc5f5b2000 	C:\Windows\System32\win32u.dll
0x00007ffc58f30000 - 0x00007ffc591ca000 	C:\Windows\WinSxS\amd64_microsoft.windows.common-controls_6595b64144ccf1df_6.0.19041.4355_none_60b8b9eb71f62e16\COMCTL32.dll
0x00007ffc613e0000 - 0x00007ffc6140b000 	C:\Windows\System32\GDI32.dll
0x00007ffc5f250000 - 0x00007ffc5f367000 	C:\Windows\System32\gdi32full.dll
0x00007ffc5f5c0000 - 0x00007ffc5f65d000 	C:\Windows\System32\msvcp_win.dll
0x00007ffc59680000 - 0x00007ffc5968a000 	C:\Windows\SYSTEM32\VERSION.dll
0x00007ffc60820000 - 0x00007ffc6084f000 	C:\Windows\System32\IMM32.DLL
0x00007ffc46600000 - 0x00007ffc4660c000 	C:\Program Files\Java\jdk-17\bin\vcruntime140_1.dll
0x00007ffc1ecf0000 - 0x00007ffc1ed7e000 	C:\Program Files\Java\jdk-17\bin\msvcp140.dll
0x00007ffc0c190000 - 0x00007ffc0cd6f000 	C:\Program Files\Java\jdk-17\bin\server\jvm.dll
0x00007ffc610b0000 - 0x00007ffc610b8000 	C:\Windows\System32\PSAPI.DLL
0x00007ffc46540000 - 0x00007ffc46549000 	C:\Windows\SYSTEM32\WSOCK32.dll
0x00007ffc59650000 - 0x00007ffc59677000 	C:\Windows\SYSTEM32\WINMM.dll
0x00007ffc61540000 - 0x00007ffc615ab000 	C:\Windows\System32\WS2_32.dll
0x00007ffc5d080000 - 0x00007ffc5d092000 	C:\Windows\SYSTEM32\kernel.appcore.dll
0x00007ffc413a0000 - 0x00007ffc413aa000 	C:\Program Files\Java\jdk-17\bin\jimage.dll
0x00007ffc4e6e0000 - 0x00007ffc4e8c4000 	C:\Windows\SYSTEM32\DBGHELP.DLL
0x00007ffc4e570000 - 0x00007ffc4e5a4000 	C:\Windows\SYSTEM32\dbgcore.DLL
0x00007ffc5fb10000 - 0x00007ffc5fb92000 	C:\Windows\System32\bcryptPrimitives.dll
0x00007ffc3adb0000 - 0x00007ffc3add5000 	C:\Program Files\Java\jdk-17\bin\java.dll

dbghelp: loaded successfully - version: 4.0.5 - missing functions: none
symbol engine: initialized successfully - sym options: 0x614 - pdb path: .;C:\Program Files\Java\jdk-17\bin;C:\Windows\SYSTEM32;C:\Windows\WinSxS\amd64_microsoft.windows.common-controls_6595b64144ccf1df_6.0.19041.4355_none_60b8b9eb71f62e16;C:\Program Files\Java\jdk-17\bin\server

VM Arguments:
jvm_args: -XX:TieredStopAtLevel=1 
java_command: com.valdir.helpdesk.HelpdeskApplication
java_class_path (initial): C:\Users\CLIENTE\Desktop\helpdesk\target\classes;C:\Users\CLIENTE\.m2\repository\ch\qos\logback\logback-classic\1.5.6\logback-classic-1.5.6.jar;C:\Users\CLIENTE\.m2\repository\ch\qos\logback\logback-core\1.5.6\logback-core-1.5.6.jar;C:\Users\CLIENTE\.m2\repository\org\apache\logging\log4j\log4j-to-slf4j\2.23.1\log4j-to-slf4j-2.23.1.jar;C:\Users\CLIENTE\.m2\repository\org\apache\logging\log4j\log4j-api\2.23.1\log4j-api-2.23.1.jar;C:\Users\CLIENTE\.m2\repository\org\slf4j\jul-to-slf4j\2.0.13\jul-to-slf4j-2.0.13.jar;C:\Users\CLIENTE\.m2\repository\jakarta\annotation\jakarta.annotation-api\2.1.1\jakarta.annotation-api-2.1.1.jar;C:\Users\CLIENTE\.m2\repository\org\yaml\snakeyaml\2.2\snakeyaml-2.2.jar;C:\Users\CLIENTE\.m2\repository\org\springframework\spring-aop\6.1.10\spring-aop-6.1.10.jar;C:\Users\CLIENTE\.m2\repository\org\springframework\spring-beans\6.1.10\spring-beans-6.1.10.jar;C:\Users\CLIENTE\.m2\repository\org\springframework\security\spring-security-config\6.3.1\spring-security-config-6.3.1.jar;C:\Users\CLIENTE\.m2\repository\org\springframework\security\spring-security-core\6.3.1\spring-security-core-6.3.1.jar;C:\Users\CLIENTE\.m2\repository\org\springframework\security\spring-security-crypto\6.3.1\spring-security-crypto-6.3.1.jar;C:\Users\CLIENTE\.m2\repository\org\springframework\spring-context\6.1.10\spring-context-6.1.10.jar;C:\Users\CLIENTE\.m2\repository\org\springframework\security\spring-security-web\6.3.1\spring-security-web-6.3.1.jar;C:\Users\CLIENTE\.m2\repository\org\springframework\spring-expression\6.1.10\spring-expression-6.1.10.jar;C:\Users\CLIENTE\.m2\repository\io\jsonwebtoken\jjwt\0.7.0\jjwt-0.7.0.jar;C:\Users\CLIENTE\.m2\repository\com\fasterxml\jackson\core\jackson-databind\2.17.1\jackson-databind-2.17.1.jar;C:\Users\CLIENTE\.m2\repository\com\fasterxml\jackson\core\jackson-annotations\2.17.1\jackson-annotations-2.17.1.jar;C:\Users\CLIENTE\.m2\repository\com\fasterxml\jackson\core\jackson-core\2.17.1\jackson-c
Launcher Type: SUN_STANDARD

[Global flags]
     intx CICompilerCount                          = 3                                         {product} {ergonomic}
     uint ConcGCThreads                            = 1                                         {product} {ergonomic}
     uint G1ConcRefinementThreads                  = 4                                         {product} {ergonomic}
   size_t G1HeapRegionSize                         = 1048576                                   {product} {ergonomic}
    uintx GCDrainStackTargetSize                   = 64                                        {product} {ergonomic}
   size_t InitialHeapSize                          = 134217728                                 {product} {ergonomic}
   size_t MarkStackSize                            = 4194304                                   {product} {ergonomic}
   size_t MaxHeapSize                              = 2130706432                                {product} {ergonomic}
   size_t MinHeapDeltaBytes                        = 1048576                                   {product} {ergonomic}
   size_t MinHeapSize                              = 8388608                                   {product} {ergonomic}
    uintx NonProfiledCodeHeapSize                  = 0                                      {pd product} {ergonomic}
     bool ProfileInterpreter                       = false                                  {pd product} {command line}
    uintx ProfiledCodeHeapSize                     = 0                                      {pd product} {ergonomic}
   size_t SoftMaxHeapSize                          = 2130706432                             {manageable} {ergonomic}
     intx TieredStopAtLevel                        = 1                                         {product} {command line}
     bool UseCompressedClassPointers               = true                           {product lp64_product} {ergonomic}
     bool UseCompressedOops                        = true                           {product lp64_product} {ergonomic}
     bool UseG1GC                                  = true                                      {product} {ergonomic}
     bool UseLargePagesIndividualAllocation        = false                                  {pd product} {ergonomic}

Logging:
Log output configuration:
 #0: stdout all=warning uptime,level,tags
 #1: stderr all=off uptime,level,tags

Environment Variables:
PATH=C:\Program Files\Common Files\Oracle\Java\javapath;C:\Windows\system32;C:\Windows;C:\Windows\System32\Wbem;C:\Windows\System32\WindowsPowerShell\v1.0\;C:\Windows\System32\OpenSSH\;C:\Program Files\Git\cmd;C:\Program Files\Java\jdk-15.0.2\bin;C:\xampp\php;C:\ProgramData\ComposerSetup\bin;C:\Program Files\nodejs\;C:\Program Files\Docker\Docker\resources\bin;C:\ruby;C:\Users\CLIENTE\OneDrive\Documentos\apache-maven-3.9.0\bin;C:\msys64\mingw64\bin;C:\msys64\usr\bin;C:\Ruby33-x64\bin;C:\Ruby30-x64\bin;C:\Program Files\MySQL\MySQL Shell 8.0\bin\;C:\Users\CLIENTE\AppData\Local\Microsoft\WindowsApps;C:\Users\CLIENTE\AppData\Local\Programs\Microsoft VS Code\bin;C:\Users\CLIENTE\OneDrive\Documentos\flutter\bin;C:\Users\CLIENTE\Documents\apache-maven-3.9.0\bin;C:\Users\CLIENTE\AppData\Roaming\Composer\vendor\bin;C:\Users\CLIENTE\AppData\Roaming\npm
USERNAME=CLIENTE
LANG=pt_BR.UTF-8
OS=Windows_NT
PROCESSOR_IDENTIFIER=Intel64 Family 6 Model 158 Stepping 10, GenuineIntel



---------------  S Y S T E M  ---------------

OS:
 Windows 10 , 64 bit Build 19041 (10.0.19041.4597)
OS uptime: 14 days 13:05 hours
Hyper-V role detected

CPU: total 4 (initial active 4) (4 cores per cpu, 1 threads per core) family 6 model 158 stepping 10 microcode 0xd6, cx8, cmov, fxsr, mmx, 3dnowpref, sse, sse2, sse3, ssse3, sse4.1, sse4.2, popcnt, lzcnt, tsc, tscinvbit, avx, avx2, aes, erms, clmul, bmi1, bmi2, adx, fma, vzeroupper, clflush, clflushopt, hv

Memory: 4k page, system-wide physical 8127M (309M free)
TotalPageFile size 14040M (AvailPageFile size 84M)
current process WorkingSet (physical memory assigned to process): 10M, peak: 10M
current process commit charge ("private bytes"): 47M, peak: 174M

vm_info: Java HotSpot(TM) 64-Bit Server VM (17.0.10+11-LTS-240) for windows-amd64 JRE (17.0.10+11-LTS-240), built on Dec 19 2023 21:47:25 by "mach5one" with MS VC++ 17.1 (VS2022)

END.
